[    0.000000] Initializing cgroup subsys cpuset
[    0.000000] Initializing cgroup subsys cpu
[    0.000000] Initializing cgroup subsys cpuacct
[    0.000000] Linux version 4.4.0-93-generic (buildd@lgw01-03) (gcc version 5.4.0 20160609 (Ubuntu 5.4.0-6ubuntu1~16.04.4) ) #116-Ubuntu SMP Fri Aug 11 21:17:51 UTC 2017 (Ubuntu 4.4.0-93.116-generic 4.4.79)
[    0.000000] Command line: BOOT_IMAGE=/boot/vmlinuz-4.4.0-93-generic root=LABEL=cloudimg-rootfs ro console=tty1 console=ttyS0
[    0.000000] KERNEL supported cpus:
[    0.000000]   Intel GenuineIntel
[    0.000000]   AMD AuthenticAMD
[    0.000000]   Centaur CentaurHauls
[    0.000000] x86/fpu: xstate_offset[2]:  576, xstate_sizes[2]:  256
[    0.000000] x86/fpu: Supporting XSAVE feature 0x01: 'x87 floating point registers'
[    0.000000] x86/fpu: Supporting XSAVE feature 0x02: 'SSE registers'
[    0.000000] x86/fpu: Supporting XSAVE feature 0x04: 'AVX registers'
[    0.000000] x86/fpu: Enabled xstate features 0x7, context size is 832 bytes, using 'standard' format.
[    0.000000] x86/fpu: Using 'lazy' FPU context switches.
[    0.000000] e820: BIOS-provided physical RAM map:
[    0.000000] BIOS-e820: [mem 0x0000000000000000-0x000000000009fbff] usable
[    0.000000] BIOS-e820: [mem 0x000000000009fc00-0x000000000009ffff] reserved
[    0.000000] BIOS-e820: [mem 0x00000000000f0000-0x00000000000fffff] reserved
[    0.000000] BIOS-e820: [mem 0x0000000000100000-0x000000003ffeffff] usable
[    0.000000] BIOS-e820: [mem 0x000000003fff0000-0x000000003fffffff] ACPI data
[    0.000000] BIOS-e820: [mem 0x00000000fec00000-0x00000000fec00fff] reserved
[    0.000000] BIOS-e820: [mem 0x00000000fee00000-0x00000000fee00fff] reserved
[    0.000000] BIOS-e820: [mem 0x00000000fffc0000-0x00000000ffffffff] reserved
[    0.000000] NX (Execute Disable) protection: active
[    0.000000] SMBIOS 2.5 present.
[    0.000000] Hypervisor detected: KVM
[    0.000000] e820: last_pfn = 0x3fff0 max_arch_pfn = 0x400000000
[    0.000000] MTRR: Disabled
[    0.000000] x86/PAT: MTRRs disabled, skipping PAT initialization too.
[    0.000000] CPU MTRRs all blank - virtualized system.
[    0.000000] x86/PAT: Configuration [0-7]: WB  WT  UC- UC  WB  WT  UC- UC  
[    0.000000] found SMP MP-table at [mem 0x0009fff0-0x0009ffff] mapped at [ffff88000009fff0]
[    0.000000] Scanning 1 areas for low memory corruption
[    0.000000] RAMDISK: [mem 0x36ac4000-0x37559fff]
[    0.000000] ACPI: Early table checksum verification disabled
[    0.000000] ACPI: RSDP 0x00000000000E0000 000024 (v02 VBOX  )
[    0.000000] ACPI: XSDT 0x000000003FFF0030 00003C (v01 VBOX   VBOXXSDT 00000001 ASL  00000061)
[    0.000000] ACPI: FACP 0x000000003FFF00F0 0000F4 (v04 VBOX   VBOXFACP 00000001 ASL  00000061)
[    0.000000] ACPI: DSDT 0x000000003FFF0470 0021C8 (v02 VBOX   VBOXBIOS 00000002 INTL 20100528)
[    0.000000] ACPI: FACS 0x000000003FFF0200 000040
[    0.000000] ACPI: FACS 0x000000003FFF0200 000040
[    0.000000] ACPI: APIC 0x000000003FFF0240 00005C (v02 VBOX   VBOXAPIC 00000001 ASL  00000061)
[    0.000000] ACPI: SSDT 0x000000003FFF02A0 0001CC (v01 VBOX   VBOXCPUT 00000002 INTL 20100528)
[    0.000000] No NUMA configuration found
[    0.000000] Faking a node at [mem 0x0000000000000000-0x000000003ffeffff]
[    0.000000] NODE_DATA(0) allocated [mem 0x3ffeb000-0x3ffeffff]
[    0.000000] kvm-clock: Using msrs 4b564d01 and 4b564d00
[    0.000000] kvm-clock: cpu 0, msr 0:3ffe3001, primary cpu clock
[    0.000000] kvm-clock: using sched offset of 3374564346 cycles
[    0.000000] clocksource: kvm-clock: mask: 0xffffffffffffffff max_cycles: 0x1cd42e4dffb, max_idle_ns: 881590591483 ns
[    0.000000] Zone ranges:
[    0.000000]   DMA      [mem 0x0000000000001000-0x0000000000ffffff]
[    0.000000]   DMA32    [mem 0x0000000001000000-0x000000003ffeffff]
[    0.000000]   Normal   empty
[    0.000000]   Device   empty
[    0.000000] Movable zone start for each node
[    0.000000] Early memory node ranges
[    0.000000]   node   0: [mem 0x0000000000001000-0x000000000009efff]
[    0.000000]   node   0: [mem 0x0000000000100000-0x000000003ffeffff]
[    0.000000] Initmem setup node 0 [mem 0x0000000000001000-0x000000003ffeffff]
[    0.000000] ACPI: PM-Timer IO Port: 0x4008
[    0.000000] IOAPIC[0]: apic_id 2, version 32, address 0xfec00000, GSI 0-23
[    0.000000] ACPI: INT_SRC_OVR (bus 0 bus_irq 0 global_irq 2 dfl dfl)
[    0.000000] ACPI: INT_SRC_OVR (bus 0 bus_irq 9 global_irq 9 high level)
[    0.000000] Using ACPI (MADT) for SMP configuration information
[    0.000000] smpboot: Allowing 2 CPUs, 0 hotplug CPUs
[    0.000000] PM: Registered nosave memory: [mem 0x00000000-0x00000fff]
[    0.000000] PM: Registered nosave memory: [mem 0x0009f000-0x0009ffff]
[    0.000000] PM: Registered nosave memory: [mem 0x000a0000-0x000effff]
[    0.000000] PM: Registered nosave memory: [mem 0x000f0000-0x000fffff]
[    0.000000] e820: [mem 0x40000000-0xfebfffff] available for PCI devices
[    0.000000] Booting paravirtualized kernel on KVM
[    0.000000] clocksource: refined-jiffies: mask: 0xffffffff max_cycles: 0xffffffff, max_idle_ns: 7645519600211568 ns
[    0.000000] setup_percpu: NR_CPUS:512 nr_cpumask_bits:512 nr_cpu_ids:2 nr_node_ids:1
[    0.000000] PERCPU: Embedded 34 pages/cpu @ffff88003fc00000 s98328 r8192 d32744 u1048576
[    0.000000] PV qspinlock hash table entries: 256 (order: 0, 4096 bytes)
[    0.000000] Built 1 zonelists in Node order, mobility grouping on.  Total pages: 257913
[    0.000000] Policy zone: DMA32
[    0.000000] Kernel command line: BOOT_IMAGE=/boot/vmlinuz-4.4.0-93-generic root=LABEL=cloudimg-rootfs ro console=tty1 console=ttyS0
[    0.000000] PID hash table entries: 4096 (order: 3, 32768 bytes)
[    0.000000] Memory: 1001724K/1048120K available (8479K kernel code, 1294K rwdata, 3984K rodata, 1492K init, 1316K bss, 46396K reserved, 0K cma-reserved)
[    0.000000] SLUB: HWalign=64, Order=0-3, MinObjects=0, CPUs=2, Nodes=1
[    0.000000] Hierarchical RCU implementation.
[    0.000000] 	Build-time adjustment of leaf fanout to 64.
[    0.000000] 	RCU restricting CPUs from NR_CPUS=512 to nr_cpu_ids=2.
[    0.000000] RCU: Adjusting geometry for rcu_fanout_leaf=64, nr_cpu_ids=2
[    0.000000] NR_IRQS:33024 nr_irqs:440 16
[    0.000000] Console: colour VGA+ 80x25
[    0.000000] console [tty1] enabled
[    0.000000] console [ttyS0] enabled
[    0.000000] tsc: Detected 1600.000 MHz processor
[    2.757016] Calibrating delay loop (skipped) preset value.. 3200.00 BogoMIPS (lpj=6400000)
[    2.806801] pid_max: default: 32768 minimum: 301
[    2.833933] ACPI: Core revision 20150930
[    2.870066] ACPI: 2 ACPI AML tables successfully acquired and loaded
[    2.936863] Security Framework initialized
[    2.974291] Yama: becoming mindful.
[    3.002702] AppArmor: AppArmor initialized
[    3.036411] Dentry cache hash table entries: 131072 (order: 8, 1048576 bytes)
[    3.040507] Inode-cache hash table entries: 65536 (order: 7, 524288 bytes)
[    3.043928] Mount-cache hash table entries: 2048 (order: 2, 16384 bytes)
[    3.104245] Mountpoint-cache hash table entries: 2048 (order: 2, 16384 bytes)
[    3.165188] Initializing cgroup subsys io
[    3.190297] Initializing cgroup subsys memory
[    3.242800] Initializing cgroup subsys devices
[    3.270708] Initializing cgroup subsys freezer
[    3.272375] Initializing cgroup subsys net_cls
[    3.274088] Initializing cgroup subsys perf_event
[    3.275823] Initializing cgroup subsys net_prio
[    3.289637] Initializing cgroup subsys hugetlb
[    3.338932] Initializing cgroup subsys pids
[    3.368731] CPU: Physical Processor ID: 0
[    3.376916] CPU: Processor Core ID: 0
[    3.379159] mce: CPU supports 0 MCE banks
[    3.381882] Last level iTLB entries: 4KB 64, 2MB 8, 4MB 8
[    3.389405] Last level dTLB entries: 4KB 64, 2MB 0, 4MB 0, 1GB 4
[    3.397152] Freeing SMP alternatives memory: 32K (ffffffff820ba000 - ffffffff820c2000)
[    3.457411] ftrace: allocating 32136 entries in 126 pages
[    3.536334] smpboot: APIC(0) Converting physical 0 to logical package 0
[    3.591810] smpboot: Max logical packages: 1
[    3.619986] x2apic enabled
[    3.628767] Switched APIC routing to physical x2apic.
[    3.660879] ..TIMER: vector=0x30 apic1=0 pin1=2 apic2=-1 pin2=-1
[    3.844580] smpboot: CPU0: Intel(R) Core(TM) i5-5250U CPU @ 1.60GHz (family: 0x6, model: 0x3d, stepping: 0x4)
[    3.913030] Performance Events: unsupported p6 CPU model 61 no PMU driver, software events only.
[    4.043011] KVM setup paravirtual spinlock
[    4.092062] x86: Booting SMP configuration:
[    4.137698] .... node  #0, CPUs:      #1
[    4.181268] kvm-clock: cpu 1, msr 0:3ffe3041, secondary cpu clock
[    4.183583] mce: CPU supports 0 MCE banks
[    4.189662] x86: Booted up 1 node, 2 CPUs
[    4.215935] smpboot: Total of 2 processors activated (6400.00 BogoMIPS)
[    4.275209] devtmpfs: initialized
[    4.283413] evm: security.selinux
[    4.289899] evm: security.SMACK64
[    4.314951] evm: security.SMACK64EXEC
[    4.315982] evm: security.SMACK64TRANSMUTE
[    4.317109] evm: security.SMACK64MMAP
[    4.350251] evm: security.ima
[    4.378982] evm: security.capability
[    4.400321] clocksource: jiffies: mask: 0xffffffff max_cycles: 0xffffffff, max_idle_ns: 7645041785100000 ns
[    4.450324] futex hash table entries: 512 (order: 3, 32768 bytes)
[    4.491616] pinctrl core: initialized pinctrl subsystem
[    4.500027] RTC time: 11:40:27, date: 09/11/17
[    4.503295] NET: Registered protocol family 16
[    4.516926] cpuidle: using governor ladder
[    4.548866] cpuidle: using governor menu
[    4.578942] PCCT header not found.
[    4.602194] ACPI: bus type PCI registered
[    4.609730] acpiphp: ACPI Hot Plug PCI Controller Driver version: 0.5
[    4.667379] PCI: Using configuration type 1 for base access
[    4.727226] ACPI: Added _OSI(Module Device)
[    4.741913] ACPI: Added _OSI(Processor Device)
[    4.752215] ACPI: Added _OSI(3.0 _SCP Extensions)
[    4.771140] ACPI: Added _OSI(Processor Aggregator Device)
[    4.815300] ACPI: Executed 1 blocks of module-level executable AML code
[    4.819428] ACPI: Interpreter enabled
[    4.820489] ACPI: (supports S0 S5)
[    4.841782] ACPI: Using IOAPIC for interrupt routing
[    4.869681] PCI: Using host bridge windows from ACPI; if necessary, use "pci=nocrs" and report a bug
[    4.930931] ACPI: PCI Root Bridge [PCI0] (domain 0000 [bus 00-ff])
[    4.999374] acpi PNP0A03:00: _OSC: OS supports [ASPM ClockPM Segments MSI]
[    5.064282] acpi PNP0A03:00: _OSC failed (AE_NOT_FOUND); disabling ASPM
[    5.107648] acpi PNP0A03:00: fail to add MMCONFIG information, can't access extended PCI configuration space under this bridge.
[    5.187811] PCI host bridge to bus 0000:00
[    5.214104] pci_bus 0000:00: root bus resource [io  0x0000-0x0cf7 window]
[    5.251468] pci_bus 0000:00: root bus resource [io  0x0d00-0xffff window]
[    5.322153] pci_bus 0000:00: root bus resource [mem 0x000a0000-0x000bffff window]
[    5.373121] pci_bus 0000:00: root bus resource [mem 0x40000000-0xffdfffff window]
[    5.437109] pci_bus 0000:00: root bus resource [bus 00-ff]
[    5.455929] pci 0000:00:01.1: legacy IDE quirk: reg 0x10: [io  0x01f0-0x01f7]
[    5.512526] pci 0000:00:01.1: legacy IDE quirk: reg 0x14: [io  0x03f6]
[    5.544532] pci 0000:00:01.1: legacy IDE quirk: reg 0x18: [io  0x0170-0x0177]
[    5.567461] pci 0000:00:01.1: legacy IDE quirk: reg 0x1c: [io  0x0376]
[    5.633912] pci 0000:00:07.0: quirk: [io  0x4000-0x403f] claimed by PIIX4 ACPI
[    5.690972] pci 0000:00:07.0: quirk: [io  0x4100-0x410f] claimed by PIIX4 SMB
[    5.728824] ACPI: PCI Interrupt Link [LNKA] (IRQs 5 9 10 *11)
[    5.751703] ACPI: PCI Interrupt Link [LNKB] (IRQs 5 9 10 *11)
[    5.805537] ACPI: PCI Interrupt Link [LNKC] (IRQs 5 9 *10 11)
[    5.847465] ACPI: PCI Interrupt Link [LNKD] (IRQs 5 *9 10 11)
[    5.854051] ACPI: Enabled 2 GPEs in block 00 to 07
[    5.876594] vgaarb: setting as boot device: PCI:0000:00:02.0
[    5.926702] vgaarb: device added: PCI:0000:00:02.0,decodes=io+mem,owns=io+mem,locks=none
[    5.966904] vgaarb: loaded
[    5.977267] vgaarb: bridge control possible 0000:00:02.0
[    6.016054] SCSI subsystem initialized
[    6.046222] ACPI: bus type USB registered
[    6.066309] usbcore: registered new interface driver usbfs
[    6.111518] usbcore: registered new interface driver hub
[    6.149022] usbcore: registered new device driver usb
[    6.178803] PCI: Using ACPI for IRQ routing
[    6.209212] NetLabel: Initializing
[    6.242296] NetLabel:  domain hash size = 128
[    6.274438] NetLabel:  protocols = UNLABELED CIPSOv4
[    6.306841] NetLabel:  unlabeled traffic allowed by default
[    6.345343] amd_nb: Cannot enumerate AMD northbridges
[    6.375756] clocksource: Switched to clocksource kvm-clock
[    6.421135] AppArmor: AppArmor Filesystem Enabled
[    6.479148] pnp: PnP ACPI init
[    6.537122] pnp: PnP ACPI: found 3 devices
[    6.603475] clocksource: acpi_pm: mask: 0xffffff max_cycles: 0xffffff, max_idle_ns: 2085701024 ns
[    6.769864] NET: Registered protocol family 2
[    6.830482] TCP established hash table entries: 8192 (order: 4, 65536 bytes)
[    6.858061] TCP bind hash table entries: 8192 (order: 5, 131072 bytes)
[    6.876304] TCP: Hash tables configured (established 8192 bind 8192)
[    6.879097] UDP hash table entries: 512 (order: 2, 16384 bytes)
[    6.984517] UDP-Lite hash table entries: 512 (order: 2, 16384 bytes)
[    7.059387] NET: Registered protocol family 1
[    7.062766] pci 0000:00:00.0: Limiting direct PCI/PCI transfers
[    7.142676] pci 0000:00:01.0: Activating ISA DMA hang workarounds
[    7.216822] Unpacking initramfs...
[    9.396724] Freeing initrd memory: 10840K (ffff880036ac4000 - ffff88003755a000)
[    9.471228] RAPL PMU detected, API unit is 2^-32 Joules, 4 fixed counters 10737418240 ms ovfl timer
[    9.678209] hw unit of domain pp0-core 2^-0 Joules
[    9.787838] hw unit of domain package 2^-0 Joules
[    9.859944] hw unit of domain dram 2^-0 Joules
[    9.904683] hw unit of domain pp1-gpu 2^-0 Joules
[   10.007341] platform rtc_cmos: registered platform RTC device (no PNP device found)
[   10.099833] Scanning for low memory corruption every 60 seconds
[   10.180382] audit: initializing netlink subsys (disabled)
[   10.210248] audit: type=2000 audit(1505130032.672:1): initialized
[   10.212203] Initialise system trusted keyring
[   10.245102] HugeTLB registered 2 MB page size, pre-allocated 0 pages
[   10.303598] zbud: loaded
[   10.340785] VFS: Disk quotas dquot_6.6.0
[   10.356434] VFS: Dquot-cache hash table entries: 512 (order 0, 4096 bytes)
[   10.359734] squashfs: version 4.0 (2009/01/31) Phillip Lougher
[   10.379133] fuse init (API version 7.23)
[   10.380228] Key type big_key registered
[   10.381164] Allocating IMA MOK and blacklist keyrings.
[   10.383789] Key type asymmetric registered
[   10.384990] Asymmetric key parser 'x509' registered
[   10.406121] Block layer SCSI generic (bsg) driver version 0.4 loaded (major 249)
[   10.465238] io scheduler noop registered
[   10.486360] io scheduler deadline registered (default)
[   10.557043] io scheduler cfq registered
[   10.612429] pci_hotplug: PCI Hot Plug PCI Core version: 0.5
[   10.666494] pciehp: PCI Express Hot Plug Controller Driver version: 0.4
[   10.794018] ACPI: AC Adapter [AC] (on-line)
[   10.868721] input: Power Button as /devices/LNXSYSTM:00/LNXPWRBN:00/input/input0
[   10.902541] ACPI: Power Button [PWRF]
[   10.904031] input: Sleep Button as /devices/LNXSYSTM:00/LNXSLPBN:00/input/input1
[   11.004613] tsc: Refined TSC clocksource calibration: 1600.425 MHz
[   11.004616] clocksource: tsc: mask: 0xffffffffffffffff max_cycles: 0x1711b67b41f, max_idle_ns: 440795223408 ns
[   11.303552] ACPI: Sleep Button [SLPF]
[   11.319684] GHES: HEST is not enabled!
[   11.323425] ACPI: Battery Slot [BAT0] (battery present)
[   11.330524] Serial: 8250/16550 driver, 32 ports, IRQ sharing enabled
[   11.355329] 00:02: ttyS0 at I/O 0x3f8 (irq = 4, base_baud = 115200) is a 16550A
[   11.450917] Linux agpgart interface v0.103
[   11.482721] loop: module loaded
[   11.542250] scsi host0: ata_piix
[   11.595542] scsi host1: ata_piix
[   11.632844] ata1: PATA max UDMA/33 cmd 0x1f0 ctl 0x3f6 bmdma 0xd000 irq 14
[   11.746855] ata2: PATA max UDMA/33 cmd 0x170 ctl 0x376 bmdma 0xd008 irq 15
[   11.875396] libphy: Fixed MDIO Bus: probed
[   11.941684] tun: Universal TUN/TAP device driver, 1.6
[   12.008985] tun: (C) 1999-2004 Max Krasnyansky <maxk@qualcomm.com>
[   12.067648] PPP generic driver version 2.4.2
[   12.119318] ehci_hcd: USB 2.0 'Enhanced' Host Controller (EHCI) Driver
[   12.133464] ehci-pci: EHCI PCI platform driver
[   12.136156] ehci-platform: EHCI generic platform driver
[   12.137632] ohci_hcd: USB 1.1 'Open' Host Controller (OHCI) Driver
[   12.139295] ohci-pci: OHCI PCI platform driver
[   12.140643] ohci-platform: OHCI generic platform driver
[   12.160876] uhci_hcd: USB Universal Host Controller Interface driver
[   12.212873] i8042: PNP: PS/2 Controller [PNP0303:PS2K,PNP0f03:PS2M] at 0x60,0x64 irq 1,12
[   12.244035] serio: i8042 KBD port at 0x60,0x64 irq 1
[   12.296641] serio: i8042 AUX port at 0x60,0x64 irq 12
[   12.328819] mousedev: PS/2 mouse device common for all mice
[   12.366863] input: AT Translated Set 2 keyboard as /devices/platform/i8042/serio0/input/input2
[   12.447908] rtc_cmos rtc_cmos: rtc core: registered rtc_cmos as rtc0
[   12.553374] rtc_cmos rtc_cmos: alarms up to one day, 114 bytes nvram
[   12.578178] i2c /dev entries driver
[   12.639541] device-mapper: uevent: version 1.0.3
[   12.709515] device-mapper: ioctl: 4.34.0-ioctl (2015-10-28) initialised: dm-devel@redhat.com
[   12.787325] ledtrig-cpu: registered to indicate activity on CPUs
[   12.841697] NET: Registered protocol family 10
[   12.892940] NET: Registered protocol family 17
[   12.932625] Key type dns_resolver registered
[   12.972776] microcode: CPU0 sig=0x306d4, pf=0x40, revision=0x0
[   12.984246] microcode: CPU1 sig=0x306d4, pf=0x40, revision=0x0
[   13.002081] microcode: Microcode Update Driver: v2.01 <tigran@aivazian.fsnet.co.uk>, Peter Oruba
[   13.050391] registered taskstats version 1
[   13.091516] Loading compiled-in X.509 certificates
[   13.129614] Loaded X.509 cert 'Build time autogenerated kernel key: a6f98c496ad22cf23b77f8fe21ff88c41791cbd4'
[   13.218154] zswap: loaded using pool lzo/zbud
[   13.242440] Key type trusted registered
[   13.282756] Key type encrypted registered
[   13.336547] AppArmor: AppArmor sha1 policy hashing enabled
[   13.368214] ima: No TPM chip found, activating TPM-bypass!
[   13.383864] evm: HMAC attrs: 0x1
[   13.414514]   Magic number: 1:144:681
[   13.454895] rtc_cmos rtc_cmos: setting system clock to 2017-09-11 11:40:36 UTC (1505130036)
[   13.472317] BIOS EDD facility v0.16 2004-Jun-25, 0 devices found
[   13.473965] EDD information not available.
[   13.479799] Freeing unused kernel memory: 1492K (ffffffff81f45000 - ffffffff820ba000)
[   13.494242] Write protecting the kernel read-only data: 14336k
[   13.526106] Freeing unused kernel memory: 1748K (ffff88000184b000 - ffff880001a00000)
[   13.578134] Freeing unused kernel memory: 112K (ffff880001de4000 - ffff880001e00000)
Loading, please wait...
starting version[   13.604012] random: systemd-udevd: uninitialized urandom read (16 bytes read, 7 bits of entropy available)
 229
[   13.604753] random: udevadm: uninitialized urandom read (16 bytes read, 7 bits of entropy available)
[   13.604793] random: udevadm: uninitialized urandom read (16 bytes read, 7 bits of entropy available)
[   13.604906] random: udevadm: uninitialized urandom read (16 bytes read, 7 bits of entropy available)
[   13.604947] random: udevadm: uninitialized urandom read (16 bytes read, 7 bits of entropy available)
[   13.604989] random: udevadm: uninitialized urandom read (16 bytes read, 7 bits of entropy available)
[   13.605028] random: udevadm: uninitialized urandom read (16 bytes read, 7 bits of entropy available)
[   13.605067] random: udevadm: uninitialized urandom read (16 bytes read, 7 bits of entropy available)
[   13.605104] random: udevadm: uninitialized urandom read (16 bytes read, 7 bits of entropy available)
[   13.605143] random: udevadm: uninitialized urandom read (16 bytes read, 7 bits of entropy available)
[   14.357943] e1000: Intel(R) PRO/1000 Network Driver - version 7.3.21-k8-NAPI
[   14.361662] e1000: Copyright (c) 1999-2006 Intel Corporation.
[   14.363430] Fusion MPT base driver 3.04.20
[   14.368726] Copyright (c) 1999-2008 LSI Corporation
[   14.380482] Fusion MPT SPI Host driver 3.04.20
[   14.398476] AVX version of gcm_enc/dec engaged.
[   14.401169] AES CTR mode by8 optimization enabled
[   14.606885] input: ImExPS/2 Generic Explorer Mouse as /devices/platform/i8042/serio1/input/input4
[   14.776945] e1000 0000:00:03.0 eth0: (PCI:33MHz:32-bit) 02:04:e4:df:e4:d8
[   14.815076] e1000 0000:00:03.0 eth0: Intel(R) PRO/1000 Network Connection
[   15.209368] e1000 0000:00:08.0 eth1: (PCI:33MHz:32-bit) 08:00:27:e8:3f:ba
[   15.274856] e1000 0000:00:08.0 eth1: Intel(R) PRO/1000 Network Connection
[   15.283615] e1000 0000:00:03.0 enp0s3: renamed from eth0
[   15.283655] mptbase: ioc0: Initiating bringup
[   15.302093] e1000 0000:00:08.0 enp0s8: renamed from eth1
[   15.348299] ioc0: LSI53C1030 A0: Capabilities={Initiator}
[   15.566760] scsi host2: ioc0: LSI53C1030 A0, FwRev=00000000h, Ports=1, MaxQ=256, IRQ=20
[   15.724100] scsi 2:0:0:0: Direct-Access     VBOX     HARDDISK         1.0  PQ: 0 ANSI: 5
[   15.736052] scsi target2:0:0: Beginning Domain Validation
[   15.752180] scsi target2:0:0: Domain Validation skipping write tests
[   15.804857] scsi target2:0:0: Ending Domain Validation
[   15.817758] scsi target2:0:0: asynchronous
[   15.823820] scsi 2:0:1:0: Direct-Access     VBOX     HARDDISK         1.0  PQ: 0 ANSI: 5
[   15.920606] scsi target2:0:1: Beginning Domain Validation
[   15.965008] scsi target2:0:1: Domain Validation skipping write tests
[   16.077356] scsi target2:0:1: Ending Domain Validation
[   16.112274] scsi target2:0:1: asynchronous
[   16.162320] sd 2:0:0:0: Attached scsi generic sg0 type 0
[   16.165164] sd 2:0:0:0: [sda] 20971520 512-byte logical blocks: (10.7 GB/10.0 GiB)
[   16.271492] sd 2:0:1:0: [sdb] 20480 512-byte logical blocks: (10.5 MB/10.0 MiB)
[   16.331288] sd 2:0:1:0: Attached scsi generic sg1 type 0
[   16.367610] sd 2:0:0:0: [sda] Write Protect is off
[   16.367713] sd 2:0:1:0: [sdb] Write Protect is off
[   16.367896] sd 2:0:1:0: [sdb] Incomplete mode parameter data
[   16.367897] sd 2:0:1:0: [sdb] Assuming drive cache: write through
[   16.440903] sd 2:0:1:0: [sdb] Attached SCSI disk
[   16.630490] sd 2:0:0:0: [sda] Incomplete mode parameter data
[   16.691975] sd 2:0:0:0: [sda] Assuming drive cache: write through
[   16.761246]  sda: sda1
[   16.787064] sd 2:0:0:0: [sda] Attached SCSI disk
[   17.396847] floppy0: no floppy controllers found
[   17.480158] work still pending
Begin: Loading e[   18.885369] md: linear personality registered for level -1
ssential drivers[   18.944195] md: multipath personality registered for level -4
 ... [   18.985440] md: raid0 personality registered for level 0
[   19.041212] md: raid1 personality registered for level 1
[   19.178100] raid6: sse2x1   gen()  4922 MB/s
[   19.251766] raid6: sse2x1   xor()  5476 MB/s
[   19.359827] raid6: sse2x2   gen()  8728 MB/s
[   19.503954] raid6: sse2x2   xor()  6703 MB/s
[   19.624465] raid6: sse2x4   gen() 11025 MB/s
[   19.744161] raid6: sse2x4   xor()  7820 MB/s
[   19.787564] raid6: using algorithm sse2x4 gen() 11025 MB/s
[   19.920530] raid6: .... xor() 7820 MB/s, rmw enabled
[   19.979688] raid6: using ssse3x2 recovery algorithm
[   20.067028] xor: automatically using best checksumming function:
[   20.171896]    avx       : 17945.000 MB/sec
[   20.200805] async_tx: api initialized (async)
[   20.226967] md: raid6 personality registered for level 6
[   20.246470] md: raid5 personality registered for level 5
[   20.263875] md: raid4 personality registered for level 4
[   20.295696] md: raid10 personality registered for level 10
done.
Begin: Running /scripts/init-premount ... done.
Begin: Mounting root file system ... Begin: Running /scripts/local-top ... done.
Begin: Runnin[   20.338242] Btrfs loaded
g /scripts/local-premount ... Scanning for Btrfs filesystems
done.
Warning: fsck no[   20.432631] EXT4-fs (sda1): mounted filesystem with ordered data mode. Opts: (null)
t present, so skipping root file system
done.
Begin: Running /scripts/local-bottom ... done.
Begin: Running /scripts/init-bottom ... done.
[   20.659108] systemd[1]: systemd 229 running in system mode. (+PAM +AUDIT +SELINUX +IMA +APPARMOR +SMACK +SYSVINIT +UTMP +LIBCRYPTSETUP +GCRYPT +GNUTLS +ACL +XZ -LZ4 +SECCOMP +BLKID +ELFUTILS +KMOD -IDN)
[   20.952006] systemd[1]: Detected virtualization oracle.
[   21.028745] systemd[1]: Detected architecture x86-64.

Welcome to [1mUbuntu 16.04.3 LTS[0m!

[   21.122865] systemd[1]: Set hostname to <ubuntu-xenial>.
[   21.500181] systemd[1]: Listening on Journal Audit Socket.
[[0;32m  OK  [0m] Listening on Journal Audit Socket.
[   21.548173] systemd[1]: Listening on Syslog Socket.
[[0;32m  OK  [0m] Listening on Syslog Socket.
[   21.563468] systemd[1]: Started Trigger resolvconf update for networkd DNS.
[[0;32m  OK  [0m] Started Trigger resolvconf update for networkd DNS.
[   21.616427] systemd[1]: Reached target Encrypted Volumes.
[[0;32m  OK  [0m] Reached target Encrypted Volumes.
[   21.736182] systemd[1]: Listening on udev Kernel Socket.
[[0;32m  OK  [0m] Listening on udev Kernel Socket.
[   21.796187] systemd[1]: Listening on /dev/initctl Compatibility Named Pipe.
[[0;32m  OK  [0m] Listening on /dev/initctl Compatibility Named Pipe.
[   21.938457] systemd[1]: Reached target User and Group Name Lookups.
[[0;32m  OK  [0m] Reached target User and Group Name Lookups.
[   22.019036] systemd[1]: Reached target Swap.
[[0;32m  OK  [0m] Reached target Swap.
[   22.104454] systemd[1]: Listening on Device-mapper event daemon FIFOs.
[[0;32m  OK  [0m] Listening on Device-mapper event daemon FIFOs.
[   22.264609] systemd[1]: Listening on Journal Socket (/dev/log).
[[0;32m  OK  [0m] Listening on Journal Socket (/dev/log).
[   22.350559] systemd[1]: Set up automount Arbitrary Executable File Formats File System Automount Point.
[[0;32m  OK  [0m] Set up automount Arbitrary Executab...ats File System Automount Point.
[   22.404811] systemd[1]: Listening on udev Control Socket.
[[0;32m  OK  [0m] Listening on udev Control Socket.
[   22.463981] systemd[1]: Created slice System Slice.
[[0;32m  OK  [0m] Created slice System Slice.
[   22.480135] systemd[1]: Created slice system-serial\x2dgetty.slice.
[[0;32m  OK  [0m] Created slice system-serial\x2dgetty.slice.
[   22.513161] systemd[1]: Listening on Journal Socket.
[[0;32m  OK  [0m] Listening on Journal Socket.
[   22.539366] random: nonblocking pool is initialized
[   22.564533] systemd[1]: Starting Load Kernel Modules...
         Starting Load Ke[   22.579955] Loading iSCSI transport class v2.0-870.
rnel Modules...
[   22.628594] iscsi: registered transport (tcp)
[   22.676364] systemd[1]: Starting Remount Root and Kernel File Systems...
         Starting Remount Root and Kernel File S[   22.699904] iscsi: registered transport (iser)
ystems...
[   22.699977] EXT4-fs (sda1): re-mounted. Opts: (null)
[   22.868698] systemd[1]: Mounting Huge Pages File System...
         Mounting Huge Pages File System...
[   22.966446] systemd[1]: Starting Journal Service...
         Starting Journal Service...
[   23.028116] systemd[1]: Starting Nameserver information manager...
         Starting Nameserver information manager...
[   23.136364] systemd[1]: Mounting Debug File System...
         Mounting Debug File System...
[   23.196138] systemd[1]: Starting Set console keymap...
         Starting Set console keymap...
[   23.272924] systemd[1]: Starting Create list of required static device nodes for the current kernel...
         Starting Create list of required st... nodes for the current kernel...
[   23.430767] systemd[1]: Started Forward Password Requests to Wall Directory Watch.
[[0;32m  OK  [0m] Started Forward Password Requests to Wall Directory Watch.
[   23.556398] systemd[1]: Mounting POSIX Message Queue File System...
         Mounting POSIX Message Queue File System...
[   23.608116] systemd[1]: Starting Uncomplicated firewall...
         Starting Uncomplicated firewall...
[   23.677699] systemd[1]: Listening on LVM2 poll daemon socket.
[[0;32m  OK  [0m] Listening on LVM2 poll daemon socket.
[   23.740357] systemd[1]: Listening on LVM2 metadata daemon socket.
[[0;32m  OK  [0m] Listening on LVM2 metadata daemon socket.
[   23.800508] systemd[1]: Starting Monitoring of LVM2 mirrors, snapshots etc. using dmeventd or progress polling...
         Starting Monitoring of LVM2 mirrors... dmeventd or progress polling...
[   23.885006] systemd[1]: Created slice User and Session Slice.
[[0;32m  OK  [0m] Created slice User and Session Slice.
[   24.000506] systemd[1]: Reached target Slices.
[[0;32m  OK  [0m] Reached target Slices.
[   24.109108] systemd[1]: Mounted Huge Pages File System.
[[0;32m  OK  [0m] Mounted Huge Pages File System.
[   24.157179] systemd[1]: Mounted POSIX Message Queue File System.
[[0;32m  OK  [0m] Mounted POSIX Message Queue File System.
[   24.212655] systemd[1]: Mounted Debug File System.
[[0;32m  OK  [0m] Mounted Debug File System.
[   24.236982] systemd[1]: Started Journal Service.
[[0;32m  OK  [0m] Started Journal Service.
[[0;32m  OK  [0m] Started Load Kernel Modules.
[[0;32m  OK  [0m] Started Remount Root and Kernel File Systems.
[[0;32m  OK  [0m] Started Set console keymap.
[[0;32m  OK  [0m] Started Create list of required sta...ce nodes for the current kernel.
[[0;32m  OK  [0m] Started Uncomplicated firewall.
[[0;32m  OK  [0m] Started Nameserver information manager.
[[0;32m  OK  [0m] Started LVM2 metadata daemon.
         Starting Create Static Device Nodes in /dev...
         Starting Load/Save Random Seed...
         Starting udev Coldplug all Devices...
         Starting Initial cloud-init job (pre-networking)...
         Starting Apply Kernel Variables...
         Mounting FUSE Control File System...
         Starting Flush Journal to Persistent Storage...
[[0;32m  OK  [0m] Mounted FUSE Control File System.
[[0;32m  OK  [0m] Started Create Static Device Nodes in /dev.
[[0;32m  OK  [0m] Started Load/Save Random Seed.
[[0;32m  OK  [0m] Started Apply Kernel Variables.
[[0;32m  OK  [0m] Started udev Coldplug all Devices.
[[0;32m  OK  [0m] Started Flush Journal to Persistent Storage.
         Starting udev Kernel Device Manager...
[[0;32m  OK  [0m] Started udev Kernel Device Manager.
[[0;32m  OK  [0m] Started Dispatch Password Requests to Console Directory Watch.
[[0;32m  OK  [0m] Started Monitoring of LVM2 mirrors,...ng dmeventd or progress polling.
[[0;32m  OK  [0m] Reached target Local File Systems (Pre).
[[0;32m  OK  [0m] Reached target Local File Systems.
         Starting LSB: AppArmor initialization...
         Starting Set console font and keymap...
         Starting Create Volatile Files and Directories...
         Starting Tell Plymouth To Write Out Runtime Data...
[[0;32m  OK  [0m] Started Tell Plymouth To Write Out Runtime Data.
[[0;32m  OK  [0m] Started Create Volatile Files and Directories.
[[0;32m  OK  [0m] Found device /dev/ttyS0.
         Starting Update UTMP about System Boot/Shutdown...
[[0;32m  OK  [0m] Reached target System Time Synchronized.
[[0;32m  OK  [0m] Started LSB: AppArmor initialization.
[[0;32m  OK  [0m] Listening on Load/Save RF Kill Switch Status /dev/rfkill Watch.
[[0;32m  OK  [0m] Started Update UTMP about System Boot/Shutdown.
[[0;32m  OK  [0m] Found device 82540EM Gigabit Ethern...r (PRO/1000 MT Desktop Adapter).
[[0;32m  OK  [0m] Found device 82540EM Gigabit Ethern...r (PRO/1000 MT Desktop Adapter).
[   20.837397] cloud-init[447]: Cloud-init v. 0.7.9 running 'init-local' at Mon, 11 Sep 2017 11:40:49 +0000. Up 20.51 seconds.
[[0;32m  OK  [0m] Started Initial cloud-init job (pre-networking).
[[0;32m  OK  [0m] Started Set console font and keymap.
[[0;32m  OK  [0m] Created slice system-getty.slice.
[[0;32m  OK  [0m] Reached target Network (Pre).
         Starting Raise network interfaces...
[[0;32m  OK  [0m] Started ifup for enp0s3.
[[0;32m  OK  [0m] Started ifup for enp0s8.
[[0;32m  OK  [0m] Started Raise network interfaces.
[[0;32m  OK  [0m] Reached target Network.
         Starting Initial cloud-init job (metadata service crawler)...
[   24.020780] cloud-init[1048]: Cloud-init v. 0.7.9 running 'init' at Mon, 11 Sep 2017 11:40:52 +0000. Up 23.30 seconds.
[   24.045382] cloud-init[1048]: ci-info: ++++++++++++++++++++++++++++++++++++++Net device info++++++++++++++++++++++++++++++++++++++
[   24.061055] cloud-init[1048]: ci-info: +--------+------+-----------------------------+---------------+-------+-------------------+
[   24.073556] cloud-init[1048]: ci-info: | Device |  Up  |           Address           |      Mask     | Scope |     Hw-Address    |
[   24.104931] cloud-init[1048]: ci-info: +--------+------+-----------------------------+---------------+-------+-------------------+
[   24.116980] cloud-init[1048]: ci-info: |   lo   | True |          127.0.0.1          |   255.0.0.0   |   .   |         .         |
[   24.117405] cloud-init[1048]: ci-info: |   lo   | True |           ::1/128           |       .       |  host |         .         |
[[0;32m  OK  [0m] Started Initial cloud-init job (metadata service crawler).
[   24.117940] cloud-init[1048]: ci-info: | enp0s8 | True |        192.168.10.100       | 255.255.255.0 |   .   | 08:00:27:e8:3f:ba |
[   24.186077] cloud-init[1048]: ci-info: | enp0s8 | True | fe80::a00:27ff:fee8:3fba/64 |       .       |  link | 08:00:27:e8:3f:ba |
[   24.204033] cloud-init[1048]: ci-info: | enp0s3 | True |          10.0.2.15          | 255.255.255.0 |   .   | 02:04:e4:df:e4:d8 |
[   24.232690] cloud-init[1048]: ci-info: | enp0s3 | True |  fe80::4:e4ff:fedf:e4d8/64  |       .       |  link | 02:04:e4:df:e4:d8 |
[   24.233195] cloud-init[1048]: ci-info: +--------+------+-----------------------------+---------------+-------+-------------------+
[[0;32m  OK  [0m] Reached target Network is Online.
[   24.235398] cloud-init[1048]: ci-info: ++++++++++++++++++++++++++++Route IPv4 info++++++++++++++++++++++++++++
[   24.296194] cloud-init[1048]: ci-info: +-------+--------------+----------+---------------+-----------+-------+
[   24.336164] cloud-init[1048]: ci-info: | Route | Destination  | Gateway  |    Genmask    | Interface | Flags |
[   24.336748] cloud-init[1048]: ci-info: +-------+--------------+----------+---------------+-----------+-------+
         Starting iSCSI initiator daemon (iscsid)...
[   24.336997] cloud-init[1048]: ci-info: |   0   |   0.0.0.0    | 10.0.2.2 |    0.0.0.0    |   enp0s3  |   UG  |
[   24.425455] cloud-init[1048]: ci-info: |   1   |   10.0.2.0   | 0.0.0.0  | 255.255.255.0 |   enp0s3  |   U   |
[[0;32m  OK  [0m] Reached target System Initialization.
         Starting Socket activation for snappy daemon.
[   24.425642] cloud-init[1048]: ci-info: |   2   | 192.168.10.0 | 0.0.0.0  | 255.255.255.0 |   enp0s8  |   U   |
[   24.574523] cloud-init[1048]: ci-info: +-------+--------------+----------+---------------+-----------+-------+
[[0;32m  OK  [0m] Started Timer to automatically refresh installed snaps.
[[0;32m  OK  [0m] Started Daily apt download activities.
[[0;32m  OK  [0m] Started Daily apt upgrade and clean activities.
[[0;32m  OK  [0m] Started ACPI Events Check.
[[0;32m  OK  [0m] Reached target Paths.
[[0;32m  OK  [0m] Started Daily Cleanup of Temporary Directories.
[[0;32m  OK  [0m] Reached target Timers.
[[0;32m  OK  [0m] Listening on ACPID Listen Socket.
[[0;32m  OK  [0m] Listening on D-Bus System Message Bus Socket.
         Starting LXD - unix socket.
[[0;32m  OK  [0m] Listening on UUID daemon activation socket.
[[0;32m  OK  [0m] Reached target Cloud-config availability.
[[0;32m  OK  [0m] Listening on Socket activation for snappy daemon.
[[0;32m  OK  [0m] Listening on LXD - unix socket.
[[0;32m  OK  [0m] Started iSCSI initiator daemon (iscsid).
         Starting Login to default iSCSI targets...
[[0;32m  OK  [0m] Reached target Sockets.
[[0;32m  OK  [0m] Reached target Basic System.
[[0;32m  OK  [0m] Started Unattended Upgrades Shutdown.
         Starting Apply the settings specified in cloud-config...
[[0;32m  OK  [0m] Started FUSE filesystem for LXC.
         Starting Login Service...
[[0;32m  OK  [0m] Started Snappy daemon.
[[0;32m  OK  [0m] Started ACPI event daemon.
[[0;32m  OK  [0m] Started D-Bus System Message Bus.
         Starting LSB: Record successful boot for GRUB...
         Starting Accounts Service...
         Starting LXD - container startup/shutdown...
         Starting LSB: MD monitoring daemon...
         Starting A high performance web server and a reverse proxy server...
         Starting /etc/rc.local Compatibility...
[[0;32m  OK  [0m] Started Deferred execution scheduler.
         Starting System Logging Service...
         Starting Auto import assertions from block devices...
[[0;32m  OK  [0m] Started Regular background program processing daemon.
         Starting OpenBSD Secure Shell server...
[[0;32m  OK  [0m] Started System Logging Service.
[[0;32m  OK  [0m] Started LXD - container startup/shutdown.
[[0;32m  OK  [0m] Started /etc/rc.local Compatibility.
[[0;32m  OK  [0m] Started Auto import assertions from block devices.
[[0;32m  OK  [0m] Started A high performance web server and a reverse proxy server.
[[0;32m  OK  [0m] Started OpenBSD Secure Shell server.
[[0;32m  OK  [0m] Started Login to default iSCSI targets.
[[0;32m  OK  [0m] Started LSB: Record successful boot for GRUB.
[[0;32m  OK  [0m] Started LSB: MD monitoring daemon.
[[0;32m  OK  [0m] Started Login Service.
         Starting Authenticate and Authorize Users to Run Privileged Tasks...
[[0;32m  OK  [0m] Reached target Remote File Systems (Pre).
[   26.304773] [cloud-init[0;32m  OK  [0m[1106]: ] Cloud-init v. 0.7.9 running 'modules:config' at Mon, 11 Sep 2017 11:40:54 +0000. Up 26.02 seconds.Reached target Remote File Systems.

         Starting LSB: Set the CPU Frequency Scaling governor to "ondemand"...
         Starting Permit User Sessions...
         Starting LSB: daemon to balance interrupts for SMP systems...
         Starting LSB: VirtualBox Linux Additions...
         Starting LSB: automatic crash report generation...
[[0;32m  OK  [0m] Started Apply the settings specified in cloud-config.
[[0;32m  OK  [0m] Started Permit User Sessions.
[[0;32m  OK  [0m] Started Authenticate and Authorize Users to Run Privileged Tasks.
[[0;32m  OK  [0m] Started Accounts Service.
[[0;32m  OK  [0m] Started LSB: Set the CPU Frequency Scaling governor to "ondemand".
[[0;32m  OK  [0m] Created slice User Slice of ubuntu.
[[0;32m  OK  [0m] Started Session 1 of user ubuntu.
         Starting User Manager for UID 1000...
         Starting Terminate Plymouth Boot Screen...
         Starting Hold until boot process finishes up...
[[0;32m  OK  [0m] Started User Manager for UID 1000.
[[0;32m  OK  [0m] Started LSB: daemon to balance interrupts for SMP systems.
[[0;32m  OK  [0m] Started LSB: VirtualBox Linux Additions.
[[0;32m  OK  [0m] Started LSB: automatic crash report generation.
[[0;32m  OK  [0m] Started Terminate Plymouth Boot Screen.
[[0;32m  OK  [0m] Started Hold until boot process finishes up.
[[0;32m  OK  [0m] Started Serial Getty on ttyS0.
[[0;32m  OK  [0m] Started Getty on tty1.
[[0;32m  OK  [0m] Reached target Login Prompts.
         Starting Set console scheme...
[[0;32m  OK  [0m] Reached target Multi-User System.
         Starting Execute cloud user/final scripts...
[[0;32m  OK  [0m] Reached target Graphical Interface.
         Starting Update UTMP about System Runlevel Changes...
[[0;32m  OK  [0m] Started Set console scheme.
[[0;32m  OK  [0m] Started Update UTMP about System Runlevel Changes.
[   27.570085] cloud-init[1307]: Cloud-init v. 0.7.9 running 'modules:final' at Mon, 11 Sep 2017 11:40:56 +0000. Up 27.43 seconds.
[   27.665218] cloud-init[1307]: Cloud-init v. 0.7.9 finished at Mon, 11 Sep 2017 11:40:56 +0000. Datasource DataSourceNoCloud [seed=/dev/sdb][dsmode=net].  Up 27.56 seconds
[[0;32m  OK  [0m] Started Execute cloud user/final scripts.
[[0;32m  OK  [0m] Reached target Cloud-init target.

Ubuntu 16.04.3 LTS ubuntu-xenial ttyS0

ubuntu-xenial login: 